[10-11-2013 13:58:21] dooh veille OFF
[10-11-2013 13:58:21] Presentation par defaut
[10-11-2013 14:44:55] dooh veille OFF
[10-11-2013 14:44:55] Presentation par defaut
[10-11-2013 15:12:41] dooh veille OFF
[10-11-2013 15:12:41] Presentation par defaut
[10-11-2013 16:16:11] dooh veille OFF
[10-11-2013 16:16:11] Presentation par defaut
[10-11-2013 16:53:58] dooh veille OFF
[10-11-2013 16:53:58] Presentation par defaut
[10-11-2013 16:54:37] dooh veille OFF
[10-11-2013 16:54:38] Presentation par defaut
[10-11-2013 16:55:32] dooh veille OFF
[10-11-2013 16:55:32] Presentation par defaut
[10-11-2013 17:01:45] dooh veille OFF
[10-11-2013 17:01:45] Presentation par defaut
[10-11-2013 18:30:01] dooh veille ON
[11-11-2013 07:30:01] dooh veille OFF
[11-11-2013 07:30:01] Presentation par defaut
[11-11-2013 18:30:01] dooh veille ON
[12-11-2013 07:30:01] dooh veille OFF
[12-11-2013 07:30:01] Presentation par defaut
[12-11-2013 08:34:27] dooh veille OFF
[12-11-2013 08:35:51] dooh veille OFF
[12-11-2013 08:37:21] dooh veille OFF
[12-11-2013 08:37:21] Presentation du mardi-12-11-2013
[12-11-2013 09:47:27] dooh veille OFF
[12-11-2013 09:47:27] Presentation du mardi-12-11-2013
[12-11-2013 18:30:01] dooh veille ON
[12-11-2013 18:40:56] dooh veille ON
[12-11-2013 18:46:59] dooh veille ON
[13-11-2013 07:30:01] Presentation du mercredi-13-11-2013
[13-11-2013 07:30:01] dooh veille OFF
[13-11-2013 17:24:23] Presentation du mercredi-13-11-2013
[13-11-2013 17:24:23] dooh veille OFF
[13-11-2013 17:25:52] Presentation du mercredi-13-11-2013
[13-11-2013 17:25:52] dooh veille OFF
[13-11-2013 17:27:36] Presentation du mercredi-13-11-2013
[13-11-2013 17:27:36] dooh veille OFF
[13-11-2013 17:43:03] Presentation du mercredi-13-11-2013
[13-11-2013 17:43:04] dooh veille OFF
[13-11-2013 18:30:01] dooh veille ON
[14-11-2013 07:30:01] Presentation du jeudi-14-11-2013
[14-11-2013 07:30:01] dooh veille OFF
[14-11-2013 18:30:01] dooh veille ON
[15-11-2013 07:30:01] Presentation du vendredi-15-11-2013
[15-11-2013 07:30:01] dooh veille OFF
[15-11-2013 18:30:01] dooh veille ON
[16-11-2013 07:30:01] Presentation par defaut
[16-11-2013 07:30:01] dooh veille OFF
[16-11-2013 18:30:01] dooh veille ON
[17-11-2013 07:30:02] Presentation par defaut
[17-11-2013 07:30:02] dooh veille OFF
[17-11-2013 18:30:02] dooh veille ON
[18-11-2013 07:30:02] Presentation du lundi-18-11-2013
[18-11-2013 07:30:02] dooh veille OFF
[18-11-2013 18:30:01] dooh veille ON
[19-11-2013 07:30:01] Presentation du mardi-19-11-2013
[19-11-2013 07:30:01] dooh veille OFF
[19-11-2013 18:30:01] dooh veille ON
[20-11-2013 07:30:01] Presentation du mercredi-20-11-2013
[20-11-2013 07:30:01] dooh veille OFF
[20-11-2013 18:30:01] dooh veille ON
[21-11-2013 07:30:01] Presentation du jeudi-21-11-2013
[21-11-2013 07:30:01] dooh veille OFF
[21-11-2013 18:30:01] dooh veille ON
[22-11-2013 07:30:01] Presentation du vendredi-22-11-2013
[22-11-2013 07:30:01] dooh veille OFF
[22-11-2013 18:30:01] dooh veille ON
[23-11-2013 07:30:01] Presentation par defaut
[23-11-2013 07:30:01] dooh veille OFF
[23-11-2013 18:30:01] dooh veille ON
[24-11-2013 07:30:01] Presentation par defaut
[24-11-2013 07:30:01] dooh veille OFF
[24-11-2013 18:30:02] dooh veille ON
[25-11-2013 07:30:01] Presentation du lundi-25-11-2013
[25-11-2013 07:30:01] dooh veille OFF
[25-11-2013 18:30:01] dooh veille ON
[26-11-2013 07:30:01] Presentation du mardi-26-11-2013
[26-11-2013 07:30:02] dooh veille OFF
[26-11-2013 18:30:01] dooh veille ON
[27-11-2013 07:30:01] Presentation du mercredi-27-11-2013
[27-11-2013 07:30:01] dooh veille OFF
[27-11-2013 18:30:01] dooh veille ON
[28-11-2013 07:30:01] Presentation du jeudi-28-11-2013
[28-11-2013 07:30:01] dooh veille OFF
[28-11-2013 18:30:01] dooh veille ON
[29-11-2013 07:30:01] Presentation du vendredi-29-11-2013
[29-11-2013 07:30:01] dooh veille OFF
[29-11-2013 18:30:01] dooh veille ON
[30-11-2013 07:30:01] Presentation par defaut
[30-11-2013 07:30:01] dooh veille OFF
[30-11-2013 18:30:01] dooh veille ON
[01-12-2013 07:30:01] Presentation par defaut
[01-12-2013 07:30:01] dooh veille OFF
[01-12-2013 18:30:01] dooh veille ON
[02-12-2013 07:30:01] Presentation par defaut
[02-12-2013 07:30:01] dooh veille OFF
[02-12-2013 08:42:50] Presentation par defaut
[02-12-2013 08:42:50] dooh veille OFF
[02-12-2013 08:47:53] Presentation du lundi-02-12-2013
[02-12-2013 08:47:53] dooh veille OFF
[02-12-2013 18:30:01] dooh veille ON
[02-12-2013 22:03:59] Presentation du lundi-02-12-2013
[02-12-2013 22:03:59] dooh veille OFF
[02-12-2013 22:05:15] dooh veille ON
[03-12-2013 07:30:01] Presentation du mardi-03-12-2013
[03-12-2013 07:30:01] dooh veille OFF
[03-12-2013 08:40:09] Presentation du mardi-03-12-2013
[03-12-2013 08:40:09] dooh veille OFF
[03-12-2013 08:44:48] Presentation du mardi-03-12-2013
[03-12-2013 08:44:48] dooh veille OFF
[03-12-2013 18:30:01] dooh veille ON
[04-12-2013 07:30:01] Presentation du mercredi-04-12-2013
[04-12-2013 07:30:01] dooh veille OFF
[04-12-2013 15:00:54] Presentation du mercredi-04-12-2013
[04-12-2013 15:00:54] dooh veille OFF
[04-12-2013 15:13:20] dooh veille ON
[04-12-2013 15:13:20] Presentation du mercredi-04-12-2013
[04-12-2013 15:13:20] dooh veille OFF
[04-12-2013 16:30:31] dooh veille ON
[04-12-2013 16:30:32] Presentation du mercredi-04-12-2013
[04-12-2013 16:30:32] dooh veille OFF
[04-12-2013 16:31:33] dooh veille ON
[04-12-2013 16:31:33] Presentation du mercredi-04-12-2013
[04-12-2013 16:31:33] dooh veille OFF
[04-12-2013 17:07:47] dooh veille ON
[04-12-2013 17:07:48] Presentation du mercredi-04-12-2013
[04-12-2013 17:07:48] dooh veille OFF
[04-12-2013 17:08:34] dooh veille ON
[04-12-2013 17:08:34] Presentation du mercredi-04-12-2013
[04-12-2013 17:08:34] dooh veille OFF
[04-12-2013 17:09:15] dooh veille ON
[04-12-2013 17:09:16] Presentation du mercredi-04-12-2013
[04-12-2013 17:09:16] dooh veille OFF
[04-12-2013 17:10:00] dooh veille ON
[04-12-2013 17:10:01] Presentation du mercredi-04-12-2013
[04-12-2013 17:10:01] dooh veille OFF
[04-12-2013 18:30:02] dooh veille ON
[05-12-2013 07:30:01] Presentation du jeudi-05-12-2013
[05-12-2013 07:30:02] dooh veille OFF
[05-12-2013 18:30:01] dooh veille ON
[06-12-2013 07:30:01] Presentation du vendredi-06-12-2013
[06-12-2013 07:30:01] dooh veille OFF
